Terminal log file
Date: 02/05/2025 - 13:19:37
-----------------------------------------------
;A308|28.3|1009.27|144.1|
com_bv
bar_bf

;A309|28.3|1001.71|181.2|
com_bv
bar_bf

;A310|28.3|997.30|232.9|
com_bv
bar_bf

;A311|28.3|991.18|316.6|
com_bv
bar_bf

;A312|28.3|981.34|416.0|
com_bv
bar_bf

;A313|28.3|969.75|518.4|
com_bv
bar_bf

;A314|28.3|957.92|615.4|
com_bv
bar_bf

;A316|28.3|937.10|777.5|
com_bv
bar_bf

;A318|28.2|922.62|864.8|
com_bv
bar_bf

;A320|28.0|916.53|893.8|
com_bv
bar_bf

;A322|27.8|915.56|887.0|
com_bv
bar_bf

;A323|27.7|916.32|876.1|
com_bv
bar_bf
des_f

;A326|27.1|921.34|821.8|
com_bv
bar_bf

;A327|26.8|923.57|799.7|
com_bv
bar_bf

;A328|26.5|926.04|776.3|
com_bv
bar_bf

;A329|26.4|928.66|752.1|
com_bv
bar_bf

;A330|26.2|931.37|727.8|
com_bv
bar_bf

;A331|26.0|934.10|703.2|
com_bv
bar_bf

;A332|25.7|936.87|678.1|
com_bv
bar_bf

;A333|25.6|939.71|652.7|
com_bv
bar_bf

;A334|25.4|942.59|625.4|
com_bv
bar_bf

;A335|25.1|945.69|599.7|
com_bv
bar_bf

;A336|24.8|948.61|573.7|
com_bv
bar_bf

;A338|24.4|954.68|520.9|
com_bv
bar_bf

;A339|24.2|957.63|494.8|
com_bv
bar_bf

;A340|24.0|960.64|468.6|
com_bv
bar_bf
;A341|23.8|963.65|441.6|
com_bv
bar_bf

;A342|23.7|966.78|413.0|
com_bv
bar_bf


;A344|23.3|973.35|357.8|
com_bv
bar_bf

;A345|23.2|976.51|331.5|
com_bv
bar_bf

;A346|23.0|979.59|305.2|
com_bv
bar_bf

;A347|22.8|982.67|280.1|
com_bv
bar_bf

;A348|22.7|985.62|256.1|
com_bv
bar_bf

;A349|22.5|988.44|231.8|
com_bv
bar_bf

;A350|22.3|991.31|206.5|
com_bv
bar_bf


-----------------------------------------------
Date: 02/05/2025 - 13:27:54
End log file
